<?xml version="1.0" encoding="UTF-8"?>
<coverage generated="1771930954231" clover="3.2.0">
  <project timestamp="1771930954231" name="All files">
    <metrics statements="197" coveredstatements="177" conditionals="83" coveredconditionals="61" methods="25" coveredmethods="24" elements="305" coveredelements="262" complexity="0" loc="197" ncloc="197" packages="5" files="25" classes="25"/>
    <package name="src">
      <metrics statements="0" coveredstatements="0" conditionals="0" coveredconditionals="0" methods="0" coveredmethods="0"/>
      <file name="index.ts" path="C:\Users\nhan\projects\auto\auto-shared\src\index.ts">
        <metrics statements="0" coveredstatements="0" conditionals="0" coveredconditionals="0" methods="0" coveredmethods="0"/>
      </file>
    </package>
    <package name="src.constants">
      <metrics statements="47" coveredstatements="47" conditionals="4" coveredconditionals="3" methods="7" coveredmethods="7"/>
      <file name="alerts.ts" path="C:\Users\nhan\projects\auto\auto-shared\src\constants\alerts.ts">
        <metrics statements="4" coveredstatements="4" conditionals="0" coveredconditionals="0" methods="0" coveredmethods="0"/>
        <line num="9" count="4" type="stmt"/>
        <line num="18" count="4" type="stmt"/>
        <line num="25" count="4" type="stmt"/>
        <line num="32" count="4" type="stmt"/>
      </file>
      <file name="audit.ts" path="C:\Users\nhan\projects\auto\auto-shared\src\constants\audit.ts">
        <metrics statements="3" coveredstatements="3" conditionals="0" coveredconditionals="0" methods="0" coveredmethods="0"/>
        <line num="4" count="4" type="stmt"/>
        <line num="44" count="4" type="stmt"/>
        <line num="51" count="4" type="stmt"/>
      </file>
      <file name="index.ts" path="C:\Users\nhan\projects\auto\auto-shared\src\constants\index.ts">
        <metrics statements="0" coveredstatements="0" conditionals="0" coveredconditionals="0" methods="0" coveredmethods="0"/>
      </file>
      <file name="legal.ts" path="C:\Users\nhan\projects\auto\auto-shared\src\constants\legal.ts">
        <metrics statements="2" coveredstatements="2" conditionals="0" coveredconditionals="0" methods="0" coveredmethods="0"/>
        <line num="4" count="5" type="stmt"/>
        <line num="12" count="5" type="stmt"/>
      </file>
      <file name="listing.ts" path="C:\Users\nhan\projects\auto\auto-shared\src\constants\listing.ts">
        <metrics statements="14" coveredstatements="14" conditionals="0" coveredconditionals="0" methods="4" coveredmethods="4"/>
        <line num="29" count="8" type="stmt"/>
        <line num="311" count="8" type="stmt"/>
        <line num="317" count="8" type="stmt"/>
        <line num="328" count="8" type="stmt"/>
        <line num="339" count="304" type="stmt"/>
        <line num="340" count="224" type="stmt"/>
        <line num="346" count="8" type="stmt"/>
        <line num="347" count="304" type="stmt"/>
        <line num="348" count="80" type="stmt"/>
        <line num="353" count="8" type="stmt"/>
        <line num="365" count="8" type="stmt"/>
        <line num="373" count="8" type="stmt"/>
        <line num="376" count="8" type="stmt"/>
        <line num="379" count="8" type="stmt"/>
      </file>
      <file name="rgpd.ts" path="C:\Users\nhan\projects\auto\auto-shared\src\constants\rgpd.ts">
        <metrics statements="5" coveredstatements="5" conditionals="0" coveredconditionals="0" methods="0" coveredmethods="0"/>
        <line num="5" count="4" type="stmt"/>
        <line num="27" count="4" type="stmt"/>
        <line num="41" count="4" type="stmt"/>
        <line num="48" count="4" type="stmt"/>
        <line num="61" count="4" type="stmt"/>
      </file>
      <file name="roles.ts" path="C:\Users\nhan\projects\auto\auto-shared\src\constants\roles.ts">
        <metrics statements="9" coveredstatements="9" conditionals="4" coveredconditionals="3" methods="3" coveredmethods="3"/>
        <line num="3" count="4" type="stmt"/>
        <line num="12" count="4" type="stmt"/>
        <line num="14" count="4" type="stmt"/>
        <line num="22" count="4" type="stmt"/>
        <line num="37" count="8" type="cond" truecount="2" falsecount="0"/>
        <line num="38" count="9" type="cond" truecount="1" falsecount="1"/>
        <line num="39" count="35" type="stmt"/>
        <line num="42" count="4" type="stmt"/>
        <line num="46" count="4" type="stmt"/>
      </file>
      <file name="seo.ts" path="C:\Users\nhan\projects\auto\auto-shared\src\constants\seo.ts">
        <metrics statements="5" coveredstatements="5" conditionals="0" coveredconditionals="0" methods="0" coveredmethods="0"/>
        <line num="4" count="7" type="stmt"/>
        <line num="14" count="7" type="stmt"/>
        <line num="24" count="7" type="stmt"/>
        <line num="60" count="7" type="stmt"/>
        <line num="70" count="7" type="stmt"/>
      </file>
      <file name="visibility-score.ts" path="C:\Users\nhan\projects\auto\auto-shared\src\constants\visibility-score.ts">
        <metrics statements="5" coveredstatements="5" conditionals="0" coveredconditionals="0" methods="0" coveredmethods="0"/>
        <line num="6" count="4" type="stmt"/>
        <line num="9" count="4" type="stmt"/>
        <line num="24" count="4" type="stmt"/>
        <line num="39" count="4" type="stmt"/>
        <line num="48" count="4" type="stmt"/>
      </file>
    </package>
    <package name="src.types">
      <metrics statements="0" coveredstatements="0" conditionals="0" coveredconditionals="0" methods="0" coveredmethods="0"/>
      <file name="index.ts" path="C:\Users\nhan\projects\auto\auto-shared\src\types\index.ts">
        <metrics statements="0" coveredstatements="0" conditionals="0" coveredconditionals="0" methods="0" coveredmethods="0"/>
      </file>
    </package>
    <package name="src.utils">
      <metrics statements="10" coveredstatements="10" conditionals="11" coveredconditionals="11" methods="3" coveredmethods="3"/>
      <file name="completion.ts" path="C:\Users\nhan\projects\auto\auto-shared\src\utils\completion.ts">
        <metrics statements="8" coveredstatements="8" conditionals="7" coveredconditionals="7" methods="1" coveredmethods="1"/>
        <line num="14" count="12" type="stmt"/>
        <line num="16" count="12" type="stmt"/>
        <line num="17" count="456" type="stmt"/>
        <line num="18" count="456" type="cond" truecount="5" falsecount="0"/>
        <line num="19" count="46" type="stmt"/>
        <line num="23" count="12" type="cond" truecount="2" falsecount="0"/>
        <line num="24" count="12" type="stmt"/>
        <line num="26" count="12" type="stmt"/>
      </file>
      <file name="index.ts" path="C:\Users\nhan\projects\auto\auto-shared\src\utils\index.ts">
        <metrics statements="0" coveredstatements="0" conditionals="0" coveredconditionals="0" methods="0" coveredmethods="0"/>
      </file>
      <file name="seo.ts" path="C:\Users\nhan\projects\auto\auto-shared\src\utils\seo.ts">
        <metrics statements="2" coveredstatements="2" conditionals="4" coveredconditionals="4" methods="2" coveredmethods="2"/>
        <line num="6" count="4" type="cond" truecount="2" falsecount="0"/>
        <line num="7" count="4" type="cond" truecount="2" falsecount="0"/>
      </file>
    </package>
    <package name="src.validators">
      <metrics statements="140" coveredstatements="120" conditionals="68" coveredconditionals="47" methods="15" coveredmethods="14"/>
      <file name="alert.validator.ts" path="C:\Users\nhan\projects\auto\auto-shared\src\validators\alert.validator.ts">
        <metrics statements="5" coveredstatements="5" conditionals="0" coveredconditionals="0" methods="0" coveredmethods="0"/>
        <line num="3" count="3" type="stmt"/>
        <line num="4" count="3" type="stmt"/>
        <line num="5" count="3" type="stmt"/>
        <line num="6" count="3" type="stmt"/>
        <line num="14" count="3" type="stmt"/>
      </file>
      <file name="autofill.validator.ts" path="C:\Users\nhan\projects\auto\auto-shared\src\validators\autofill.validator.ts">
        <metrics statements="19" coveredstatements="19" conditionals="6" coveredconditionals="6" methods="2" coveredmethods="2"/>
        <line num="6" count="3" type="stmt"/>
        <line num="9" count="3" type="stmt"/>
        <line num="12" count="3" type="stmt"/>
        <line num="14" count="3" type="stmt"/>
        <line num="21" count="6" type="stmt"/>
        <line num="22" count="6" type="cond" truecount="2" falsecount="0"/>
        <line num="23" count="4" type="stmt"/>
        <line num="25" count="2" type="stmt"/>
        <line num="36" count="3" type="stmt"/>
        <line num="44" count="3" type="stmt"/>
        <line num="60" count="6" type="stmt"/>
        <line num="61" count="6" type="stmt"/>
        <line num="63" count="6" type="cond" truecount="2" falsecount="0"/>
        <line num="64" count="5" type="stmt"/>
        <line num="65" count="5" type="stmt"/>
        <line num="68" count="4" type="cond" truecount="2" falsecount="0"/>
        <line num="69" count="3" type="stmt"/>
        <line num="70" count="3" type="stmt"/>
        <line num="73" count="3" type="stmt"/>
      </file>
      <file name="consent.validator.ts" path="C:\Users\nhan\projects\auto\auto-shared\src\validators\consent.validator.ts">
        <metrics statements="8" coveredstatements="8" conditionals="2" coveredconditionals="2" methods="1" coveredmethods="1"/>
        <line num="9" count="5" type="stmt"/>
        <line num="11" count="5" type="stmt"/>
        <line num="12" count="8" type="cond" truecount="2" falsecount="0"/>
        <line num="13" count="4" type="stmt"/>
        <line num="17" count="4" type="stmt"/>
        <line num="21" count="5" type="stmt"/>
        <line num="27" count="3" type="stmt"/>
        <line num="37" count="3" type="stmt"/>
      </file>
      <file name="index.ts" path="C:\Users\nhan\projects\auto\auto-shared\src\validators\index.ts">
        <metrics statements="0" coveredstatements="0" conditionals="0" coveredconditionals="0" methods="0" coveredmethods="0"/>
      </file>
      <file name="legal.validator.ts" path="C:\Users\nhan\projects\auto\auto-shared\src\validators\legal.validator.ts">
        <metrics statements="3" coveredstatements="3" conditionals="0" coveredconditionals="0" methods="0" coveredmethods="0"/>
        <line num="3" count="3" type="stmt"/>
        <line num="6" count="3" type="stmt"/>
        <line num="21" count="3" type="stmt"/>
      </file>
      <file name="listing.validator.ts" path="C:\Users\nhan\projects\auto\auto-shared\src\validators\listing.validator.ts">
        <metrics statements="54" coveredstatements="34" conditionals="34" coveredconditionals="14" methods="2" coveredmethods="1"/>
        <line num="7" count="3" type="stmt"/>
        <line num="12" count="3" type="stmt"/>
        <line num="18" count="3" type="stmt"/>
        <line num="30" count="3" type="stmt"/>
        <line num="34" count="3" type="stmt"/>
        <line num="38" count="3" type="stmt"/>
        <line num="42" count="3" type="stmt"/>
        <line num="47" count="3" type="stmt"/>
        <line num="52" count="3" type="stmt"/>
        <line num="58" count="3" type="stmt"/>
        <line num="66" count="3" type="stmt"/>
        <line num="82" count="16" type="stmt"/>
        <line num="83" count="16" type="cond" truecount="7" falsecount="5"/>
        <line num="85" count="3" type="cond" truecount="1" falsecount="1"/>
        <line num="86" count="3" type="stmt"/>
        <line num="87" count="3" type="cond" truecount="2" falsecount="0"/>
        <line num="88" count="2" type="stmt"/>
        <line num="89" count="2" type="stmt"/>
        <line num="92" count="3" type="cond" truecount="1" falsecount="1"/>
        <line num="93" count="3" type="stmt"/>
        <line num="94" count="3" type="cond" truecount="1" falsecount="1"/>
        <line num="95" count="3" type="stmt"/>
        <line num="96" count="3" type="stmt"/>
        <line num="99" count="2" type="stmt"/>
        <line num="100" count="2" type="stmt"/>
        <line num="102" count="3" type="stmt"/>
        <line num="103" count="3" type="stmt"/>
        <line num="105" count="2" type="stmt"/>
        <line num="106" count="2" type="stmt"/>
        <line num="108" count="2" type="stmt"/>
        <line num="109" count="2" type="stmt"/>
        <line num="111" count="0" type="stmt"/>
        <line num="112" count="0" type="stmt"/>
        <line num="114" count="0" type="stmt"/>
        <line num="115" count="0" type="stmt"/>
        <line num="117" count="0" type="cond" truecount="0" falsecount="2"/>
        <line num="118" count="0" type="stmt"/>
        <line num="119" count="0" type="cond" truecount="0" falsecount="2"/>
        <line num="120" count="0" type="stmt"/>
        <line num="121" count="0" type="stmt"/>
        <line num="124" count="0" type="stmt"/>
        <line num="125" count="0" type="stmt"/>
        <line num="127" count="0" type="cond" truecount="0" falsecount="2"/>
        <line num="128" count="0" type="stmt"/>
        <line num="129" count="0" type="stmt"/>
        <line num="130" count="0" type="cond" truecount="0" falsecount="2"/>
        <line num="131" count="0" type="cond" truecount="0" falsecount="2"/>
        <line num="132" count="0" type="stmt"/>
        <line num="134" count="0" type="stmt"/>
        <line num="136" count="0" type="stmt"/>
        <line num="141" count="1" type="stmt"/>
        <line num="144" count="7" type="cond" truecount="1" falsecount="1"/>
        <line num="145" count="7" type="cond" truecount="1" falsecount="1"/>
        <line num="147" count="0" type="stmt"/>
      </file>
      <file name="photo.validator.ts" path="C:\Users\nhan\projects\auto\auto-shared\src\validators\photo.validator.ts">
        <metrics statements="2" coveredstatements="2" conditionals="0" coveredconditionals="0" methods="0" coveredmethods="0"/>
        <line num="5" count="2" type="stmt"/>
        <line num="10" count="2" type="stmt"/>
      </file>
      <file name="profile.validator.ts" path="C:\Users\nhan\projects\auto\auto-shared\src\validators\profile.validator.ts">
        <metrics statements="14" coveredstatements="14" conditionals="6" coveredconditionals="6" methods="3" coveredmethods="3"/>
        <line num="3" count="3" type="stmt"/>
        <line num="9" count="14" type="cond" truecount="2" falsecount="0"/>
        <line num="11" count="7" type="stmt"/>
        <line num="12" count="7" type="stmt"/>
        <line num="13" count="63" type="stmt"/>
        <line num="14" count="63" type="cond" truecount="2" falsecount="0"/>
        <line num="15" count="28" type="stmt"/>
        <line num="16" count="28" type="cond" truecount="2" falsecount="0"/>
        <line num="18" count="63" type="stmt"/>
        <line num="20" count="7" type="stmt"/>
        <line num="26" count="3" type="stmt"/>
        <line num="29" count="7" type="stmt"/>
        <line num="36" count="3" type="stmt"/>
        <line num="62" count="4" type="stmt"/>
      </file>
      <file name="registration.ts" path="C:\Users\nhan\projects\auto\auto-shared\src\validators\registration.ts">
        <metrics statements="2" coveredstatements="2" conditionals="0" coveredconditionals="0" methods="0" coveredmethods="0"/>
        <line num="3" count="2" type="stmt"/>
        <line num="20" count="2" type="stmt"/>
      </file>
      <file name="registration.validator.ts" path="C:\Users\nhan\projects\auto\auto-shared\src\validators\registration.validator.ts">
        <metrics statements="15" coveredstatements="15" conditionals="8" coveredconditionals="8" methods="1" coveredmethods="1"/>
        <line num="9" count="10" type="stmt"/>
        <line num="11" count="10" type="stmt"/>
        <line num="14" count="29" type="cond" truecount="2" falsecount="0"/>
        <line num="15" count="7" type="stmt"/>
        <line num="16" count="22" type="cond" truecount="2" falsecount="0"/>
        <line num="17" count="7" type="stmt"/>
        <line num="19" count="15" type="stmt"/>
        <line num="22" count="29" type="cond" truecount="2" falsecount="0"/>
        <line num="23" count="1" type="stmt"/>
        <line num="29" count="29" type="cond" truecount="2" falsecount="0"/>
        <line num="30" count="22" type="stmt"/>
        <line num="32" count="7" type="stmt"/>
        <line num="35" count="29" type="stmt"/>
        <line num="39" count="10" type="stmt"/>
        <line num="41" count="10" type="stmt"/>
      </file>
      <file name="seo.validator.ts" path="C:\Users\nhan\projects\auto\auto-shared\src\validators\seo.validator.ts">
        <metrics statements="18" coveredstatements="18" conditionals="12" coveredconditionals="11" methods="6" coveredmethods="6"/>
        <line num="5" count="4" type="stmt"/>
        <line num="18" count="42" type="stmt"/>
        <line num="19" count="42" type="cond" truecount="2" falsecount="0"/>
        <line num="20" count="79" type="stmt"/>
        <line num="30" count="19" type="stmt"/>
        <line num="31" count="19" type="stmt"/>
        <line num="32" count="19" type="cond" truecount="1" falsecount="1"/>
        <line num="34" count="19" type="stmt"/>
        <line num="42" count="19" type="stmt"/>
        <line num="43" count="95" type="stmt"/>
        <line num="44" count="95" type="cond" truecount="4" falsecount="0"/>
        <line num="45" count="42" type="stmt"/>
        <line num="46" count="79" type="stmt"/>
        <line num="47" count="42" type="cond" truecount="2" falsecount="0"/>
        <line num="48" count="1" type="stmt"/>
        <line num="51" count="2" type="stmt"/>
        <line num="57" count="4" type="stmt"/>
        <line num="87" count="6" type="cond" truecount="2" falsecount="0"/>
      </file>
    </package>
  </project>
</coverage>
