{"C:\\Users\\nhan\\projects\\auto\\auto-shared\\src\\index.ts": {"path":"C:\\Users\\nhan\\projects\\auto\\auto-shared\\src\\index.ts","statementMap":{},"fnMap":{},"branchMap":{},"s":{},"f":{},"b":{},"meta":{"lastBranch":0,"lastFunction":0,"lastStatement":0,"seen":{}}}
,"C:\\Users\\nhan\\projects\\auto\\auto-shared\\src\\constants\\alerts.ts": {"path":"C:\\Users\\nhan\\projects\\auto\\auto-shared\\src\\constants\\alerts.ts","statementMap":{"0":{"start":{"line":9,"column":53},"end":{"line":15,"column":null}},"1":{"start":{"line":18,"column":78},"end":{"line":22,"column":null}},"2":{"start":{"line":25,"column":78},"end":{"line":29,"column":null}},"3":{"start":{"line":32,"column":68},"end":{"line":36,"column":null}}},"fnMap":{},"branchMap":{},"s":{"0":4,"1":4,"2":4,"3":4},"f":{},"b":{},"meta":{"lastBranch":0,"lastFunction":0,"lastStatement":4,"seen":{"s:9:53:15:Infinity":0,"s:18:78:22:Infinity":1,"s:25:78:29:Infinity":2,"s:32:68:36:Infinity":3}}}
,"C:\\Users\\nhan\\projects\\auto\\auto-shared\\src\\constants\\audit.ts": {"path":"C:\\Users\\nhan\\projects\\auto\\auto-shared\\src\\constants\\audit.ts","statementMap":{"0":{"start":{"line":4,"column":33},"end":{"line":39,"column":null}},"1":{"start":{"line":44,"column":63},"end":{"line":48,"column":null}},"2":{"start":{"line":51,"column":63},"end":{"line":63,"column":null}}},"fnMap":{},"branchMap":{},"s":{"0":4,"1":4,"2":4},"f":{},"b":{},"meta":{"lastBranch":0,"lastFunction":0,"lastStatement":3,"seen":{"s:4:33:39:Infinity":0,"s:44:63:48:Infinity":1,"s:51:63:63:Infinity":2}}}
,"C:\\Users\\nhan\\projects\\auto\\auto-shared\\src\\constants\\index.ts": {"path":"C:\\Users\\nhan\\projects\\auto\\auto-shared\\src\\constants\\index.ts","statementMap":{},"fnMap":{},"branchMap":{},"s":{},"f":{},"b":{},"meta":{"lastBranch":0,"lastFunction":0,"lastStatement":0,"seen":{}}}
,"C:\\Users\\nhan\\projects\\auto\\auto-shared\\src\\constants\\legal.ts": {"path":"C:\\Users\\nhan\\projects\\auto\\auto-shared\\src\\constants\\legal.ts","statementMap":{"0":{"start":{"line":4,"column":64},"end":{"line":9,"column":null}},"1":{"start":{"line":12,"column":71},"end":{"line":17,"column":null}}},"fnMap":{},"branchMap":{},"s":{"0":5,"1":5},"f":{},"b":{},"meta":{"lastBranch":0,"lastFunction":0,"lastStatement":2,"seen":{"s:4:64:9:Infinity":0,"s:12:71:17:Infinity":1}}}
,"C:\\Users\\nhan\\projects\\auto\\auto-shared\\src\\constants\\listing.ts": {"path":"C:\\Users\\nhan\\projects\\auto\\auto-shared\\src\\constants\\listing.ts","statementMap":{"0":{"start":{"line":29,"column":59},"end":{"line":306,"column":null}},"1":{"start":{"line":311,"column":34},"end":{"line":311,"column":null}},"2":{"start":{"line":317,"column":68},"end":{"line":323,"column":null}},"3":{"start":{"line":328,"column":62},"end":{"line":334,"column":null}},"4":{"start":{"line":339,"column":34},"end":{"line":341,"column":null}},"5":{"start":{"line":339,"column":63},"end":{"line":339,"column":92}},"6":{"start":{"line":340,"column":9},"end":{"line":340,"column":null}},"7":{"start":{"line":346,"column":36},"end":{"line":348,"column":null}},"8":{"start":{"line":347,"column":9},"end":{"line":347,"column":null}},"9":{"start":{"line":348,"column":13},"end":{"line":348,"column":24}},"10":{"start":{"line":353,"column":34},"end":{"line":360,"column":null}},"11":{"start":{"line":365,"column":40},"end":{"line":370,"column":null}},"12":{"start":{"line":373,"column":33},"end":{"line":373,"column":null}},"13":{"start":{"line":376,"column":44},"end":{"line":376,"column":null}},"14":{"start":{"line":379,"column":39},"end":{"line":379,"column":null}}},"fnMap":{"0":{"name":"(anonymous_0)","decl":{"start":{"line":339,"column":56},"end":{"line":339,"column":57}},"loc":{"start":{"line":339,"column":63},"end":{"line":339,"column":92}},"line":339},"1":{"name":"(anonymous_1)","decl":{"start":{"line":340,"column":2},"end":{"line":340,"column":3}},"loc":{"start":{"line":340,"column":9},"end":{"line":340,"column":null}},"line":340},"2":{"name":"(anonymous_2)","decl":{"start":{"line":347,"column":2},"end":{"line":347,"column":3}},"loc":{"start":{"line":347,"column":9},"end":{"line":347,"column":null}},"line":347},"3":{"name":"(anonymous_3)","decl":{"start":{"line":348,"column":6},"end":{"line":348,"column":7}},"loc":{"start":{"line":348,"column":13},"end":{"line":348,"column":24}},"line":348}},"branchMap":{},"s":{"0":8,"1":8,"2":8,"3":8,"4":8,"5":304,"6":224,"7":8,"8":304,"9":80,"10":8,"11":8,"12":8,"13":8,"14":8},"f":{"0":304,"1":224,"2":304,"3":80},"b":{},"meta":{"lastBranch":0,"lastFunction":4,"lastStatement":15,"seen":{"s:29:59:306:Infinity":0,"s:311:34:311:Infinity":1,"s:317:68:323:Infinity":2,"s:328:62:334:Infinity":3,"s:339:34:341:Infinity":4,"f:339:56:339:57":0,"s:339:63:339:92":5,"f:340:2:340:3":1,"s:340:9:340:Infinity":6,"s:346:36:348:Infinity":7,"f:347:2:347:3":2,"s:347:9:347:Infinity":8,"f:348:6:348:7":3,"s:348:13:348:24":9,"s:353:34:360:Infinity":10,"s:365:40:370:Infinity":11,"s:373:33:373:Infinity":12,"s:376:44:376:Infinity":13,"s:379:39:379:Infinity":14}}}
,"C:\\Users\\nhan\\projects\\auto\\auto-shared\\src\\constants\\rgpd.ts": {"path":"C:\\Users\\nhan\\projects\\auto\\auto-shared\\src\\constants\\rgpd.ts","statementMap":{"0":{"start":{"line":5,"column":36},"end":{"line":20,"column":null}},"1":{"start":{"line":27,"column":31},"end":{"line":34,"column":null}},"2":{"start":{"line":41,"column":31},"end":{"line":41,"column":null}},"3":{"start":{"line":48,"column":38},"end":{"line":54,"column":null}},"4":{"start":{"line":61,"column":47},"end":{"line":61,"column":null}}},"fnMap":{},"branchMap":{},"s":{"0":4,"1":4,"2":4,"3":4,"4":4},"f":{},"b":{},"meta":{"lastBranch":0,"lastFunction":0,"lastStatement":5,"seen":{"s:5:36:20:Infinity":0,"s:27:31:34:Infinity":1,"s:41:31:41:Infinity":2,"s:48:38:54:Infinity":3,"s:61:47:61:Infinity":4}}}
,"C:\\Users\\nhan\\projects\\auto\\auto-shared\\src\\constants\\roles.ts": {"path":"C:\\Users\\nhan\\projects\\auto\\auto-shared\\src\\constants\\roles.ts","statementMap":{"0":{"start":{"line":3,"column":42},"end":{"line":9,"column":null}},"1":{"start":{"line":12,"column":26},"end":{"line":12,"column":null}},"2":{"start":{"line":14,"column":66},"end":{"line":20,"column":null}},"3":{"start":{"line":22,"column":59},"end":{"line":29,"column":null}},"4":{"start":{"line":37,"column":2},"end":{"line":37,"column":null}},"5":{"start":{"line":37,"column":26},"end":{"line":37,"column":null}},"6":{"start":{"line":38,"column":19},"end":{"line":38,"column":null}},"7":{"start":{"line":38,"column":48},"end":{"line":38,"column":70}},"8":{"start":{"line":39,"column":2},"end":{"line":39,"column":null}},"9":{"start":{"line":39,"column":29},"end":{"line":39,"column":58}},"10":{"start":{"line":42,"column":29},"end":{"line":42,"column":null}},"11":{"start":{"line":46,"column":30},"end":{"line":54,"column":null}}},"fnMap":{"0":{"name":"expandRolesWithHierarchy","decl":{"start":{"line":36,"column":16},"end":{"line":36,"column":41}},"loc":{"start":{"line":36,"column":81},"end":{"line":40,"column":null}},"line":36},"1":{"name":"(anonymous_1)","decl":{"start":{"line":38,"column":41},"end":{"line":38,"column":42}},"loc":{"start":{"line":38,"column":48},"end":{"line":38,"column":70}},"line":38},"2":{"name":"(anonymous_2)","decl":{"start":{"line":39,"column":22},"end":{"line":39,"column":23}},"loc":{"start":{"line":39,"column":29},"end":{"line":39,"column":58}},"line":39}},"branchMap":{"0":{"loc":{"start":{"line":37,"column":2},"end":{"line":37,"column":null}},"type":"if","locations":[{"start":{"line":37,"column":2},"end":{"line":37,"column":null}},{"start":{},"end":{}}],"line":37},"1":{"loc":{"start":{"line":38,"column":48},"end":{"line":38,"column":70}},"type":"binary-expr","locations":[{"start":{"line":38,"column":48},"end":{"line":38,"column":69}},{"start":{"line":38,"column":69},"end":{"line":38,"column":70}}],"line":38}},"s":{"0":4,"1":4,"2":4,"3":4,"4":8,"5":1,"6":7,"7":9,"8":7,"9":35,"10":4,"11":4},"f":{"0":8,"1":9,"2":35},"b":{"0":[1,7],"1":[9,0]},"meta":{"lastBranch":2,"lastFunction":3,"lastStatement":12,"seen":{"s:3:42:9:Infinity":0,"s:12:26:12:Infinity":1,"s:14:66:20:Infinity":2,"s:22:59:29:Infinity":3,"f:36:16:36:41":0,"b:37:2:37:Infinity:undefined:undefined:undefined:undefined":0,"s:37:2:37:Infinity":4,"s:37:26:37:Infinity":5,"s:38:19:38:Infinity":6,"f:38:41:38:42":1,"s:38:48:38:70":7,"b:38:48:38:69:38:69:38:70":1,"s:39:2:39:Infinity":8,"f:39:22:39:23":2,"s:39:29:39:58":9,"s:42:29:42:Infinity":10,"s:46:30:54:Infinity":11}}}
,"C:\\Users\\nhan\\projects\\auto\\auto-shared\\src\\constants\\seo.ts": {"path":"C:\\Users\\nhan\\projects\\auto\\auto-shared\\src\\constants\\seo.ts","statementMap":{"0":{"start":{"line":4,"column":54},"end":{"line":11,"column":null}},"1":{"start":{"line":14,"column":72},"end":{"line":21,"column":null}},"2":{"start":{"line":24,"column":76},"end":{"line":57,"column":null}},"3":{"start":{"line":60,"column":65},"end":{"line":67,"column":null}},"4":{"start":{"line":70,"column":31},"end":{"line":73,"column":null}}},"fnMap":{},"branchMap":{},"s":{"0":7,"1":7,"2":7,"3":7,"4":7},"f":{},"b":{},"meta":{"lastBranch":0,"lastFunction":0,"lastStatement":5,"seen":{"s:4:54:11:Infinity":0,"s:14:72:21:Infinity":1,"s:24:76:57:Infinity":2,"s:60:65:67:Infinity":3,"s:70:31:73:Infinity":4}}}
,"C:\\Users\\nhan\\projects\\auto\\auto-shared\\src\\constants\\visibility-score.ts": {"path":"C:\\Users\\nhan\\projects\\auto\\auto-shared\\src\\constants\\visibility-score.ts","statementMap":{"0":{"start":{"line":6,"column":40},"end":{"line":6,"column":null}},"1":{"start":{"line":9,"column":38},"end":{"line":21,"column":null}},"2":{"start":{"line":24,"column":66},"end":{"line":36,"column":null}},"3":{"start":{"line":39,"column":33},"end":{"line":43,"column":null}},"4":{"start":{"line":48,"column":62},"end":{"line":86,"column":null}}},"fnMap":{},"branchMap":{},"s":{"0":4,"1":4,"2":4,"3":4,"4":4},"f":{},"b":{},"meta":{"lastBranch":0,"lastFunction":0,"lastStatement":5,"seen":{"s:6:40:6:Infinity":0,"s:9:38:21:Infinity":1,"s:24:66:36:Infinity":2,"s:39:33:43:Infinity":3,"s:48:62:86:Infinity":4}}}
,"C:\\Users\\nhan\\projects\\auto\\auto-shared\\src\\types\\index.ts": {"path":"C:\\Users\\nhan\\projects\\auto\\auto-shared\\src\\types\\index.ts","statementMap":{},"fnMap":{},"branchMap":{},"s":{},"f":{},"b":{},"meta":{"lastBranch":0,"lastFunction":0,"lastStatement":0,"seen":{}}}
,"C:\\Users\\nhan\\projects\\auto\\auto-shared\\src\\utils\\completion.ts": {"path":"C:\\Users\\nhan\\projects\\auto\\auto-shared\\src\\utils\\completion.ts","statementMap":{"0":{"start":{"line":14,"column":20},"end":{"line":14,"column":null}},"1":{"start":{"line":16,"column":2},"end":{"line":21,"column":null}},"2":{"start":{"line":17,"column":16},"end":{"line":17,"column":null}},"3":{"start":{"line":18,"column":4},"end":{"line":20,"column":null}},"4":{"start":{"line":19,"column":6},"end":{"line":19,"column":null}},"5":{"start":{"line":23,"column":21},"end":{"line":23,"column":null}},"6":{"start":{"line":24,"column":24},"end":{"line":24,"column":null}},"7":{"start":{"line":26,"column":2},"end":{"line":26,"column":null}}},"fnMap":{"0":{"name":"calculateCompletionPercentage","decl":{"start":{"line":10,"column":16},"end":{"line":10,"column":null}},"loc":{"start":{"line":13,"column":10},"end":{"line":27,"column":null}},"line":13}},"branchMap":{"0":{"loc":{"start":{"line":18,"column":4},"end":{"line":20,"column":null}},"type":"if","locations":[{"start":{"line":18,"column":4},"end":{"line":20,"column":null}},{"start":{},"end":{}}],"line":18},"1":{"loc":{"start":{"line":18,"column":8},"end":{"line":18,"column":48}},"type":"binary-expr","locations":[{"start":{"line":18,"column":8},"end":{"line":18,"column":23}},{"start":{"line":18,"column":23},"end":{"line":18,"column":37}},{"start":{"line":18,"column":37},"end":{"line":18,"column":48}}],"line":18},"2":{"loc":{"start":{"line":23,"column":21},"end":{"line":23,"column":null}},"type":"cond-expr","locations":[{"start":{"line":23,"column":39},"end":{"line":23,"column":43}},{"start":{"line":23,"column":43},"end":{"line":23,"column":null}}],"line":23}},"s":{"0":12,"1":12,"2":456,"3":456,"4":46,"5":12,"6":12,"7":12},"f":{"0":12},"b":{"0":[46,410],"1":[456,48,47],"2":[5,7]},"meta":{"lastBranch":3,"lastFunction":1,"lastStatement":8,"seen":{"f:10:16:10:Infinity":0,"s:14:20:14:Infinity":0,"s:16:2:21:Infinity":1,"s:17:16:17:Infinity":2,"b:18:4:20:Infinity:undefined:undefined:undefined:undefined":0,"s:18:4:20:Infinity":3,"b:18:8:18:23:18:23:18:37:18:37:18:48":1,"s:19:6:19:Infinity":4,"s:23:21:23:Infinity":5,"b:23:39:23:43:23:43:23:Infinity":2,"s:24:24:24:Infinity":6,"s:26:2:26:Infinity":7}}}
,"C:\\Users\\nhan\\projects\\auto\\auto-shared\\src\\utils\\index.ts": {"path":"C:\\Users\\nhan\\projects\\auto\\auto-shared\\src\\utils\\index.ts","statementMap":{},"fnMap":{},"branchMap":{},"s":{},"f":{},"b":{},"meta":{"lastBranch":0,"lastFunction":0,"lastStatement":0,"seen":{}}}
,"C:\\Users\\nhan\\projects\\auto\\auto-shared\\src\\utils\\seo.ts": {"path":"C:\\Users\\nhan\\projects\\auto\\auto-shared\\src\\utils\\seo.ts","statementMap":{"0":{"start":{"line":6,"column":2},"end":{"line":6,"column":null}},"1":{"start":{"line":6,"column":17},"end":{"line":6,"column":null}},"2":{"start":{"line":7,"column":2},"end":{"line":7,"column":null}},"3":{"start":{"line":7,"column":64},"end":{"line":7,"column":79}}},"fnMap":{"0":{"name":"renderSeoTemplate","decl":{"start":{"line":5,"column":16},"end":{"line":5,"column":34}},"loc":{"start":{"line":5,"column":90},"end":{"line":8,"column":null}},"line":5},"1":{"name":"(anonymous_1)","decl":{"start":{"line":7,"column":44},"end":{"line":7,"column":45}},"loc":{"start":{"line":7,"column":64},"end":{"line":7,"column":79}},"line":7}},"branchMap":{"0":{"loc":{"start":{"line":6,"column":2},"end":{"line":6,"column":null}},"type":"if","locations":[{"start":{"line":6,"column":2},"end":{"line":6,"column":null}},{"start":{},"end":{}}],"line":6},"1":{"loc":{"start":{"line":7,"column":64},"end":{"line":7,"column":79}},"type":"binary-expr","locations":[{"start":{"line":7,"column":64},"end":{"line":7,"column":77}},{"start":{"line":7,"column":77},"end":{"line":7,"column":79}}],"line":7}},"s":{"0":4,"1":1,"2":3,"3":4},"f":{"0":4,"1":4},"b":{"0":[1,3],"1":[4,1]},"meta":{"lastBranch":2,"lastFunction":2,"lastStatement":4,"seen":{"f:5:16:5:34":0,"b:6:2:6:Infinity:undefined:undefined:undefined:undefined":0,"s:6:2:6:Infinity":0,"s:6:17:6:Infinity":1,"s:7:2:7:Infinity":2,"f:7:44:7:45":1,"s:7:64:7:79":3,"b:7:64:7:77:7:77:7:79":1}}}
,"C:\\Users\\nhan\\projects\\auto\\auto-shared\\src\\validators\\alert.validator.ts": {"path":"C:\\Users\\nhan\\projects\\auto\\auto-shared\\src\\validators\\alert.validator.ts","statementMap":{"0":{"start":{"line":3,"column":45},"end":{"line":3,"column":null}},"1":{"start":{"line":4,"column":45},"end":{"line":4,"column":null}},"2":{"start":{"line":5,"column":40},"end":{"line":5,"column":null}},"3":{"start":{"line":6,"column":33},"end":{"line":12,"column":null}},"4":{"start":{"line":14,"column":38},"end":{"line":31,"column":null}}},"fnMap":{},"branchMap":{},"s":{"0":3,"1":3,"2":3,"3":3,"4":3},"f":{},"b":{},"meta":{"lastBranch":0,"lastFunction":0,"lastStatement":5,"seen":{"s:3:45:3:Infinity":0,"s:4:45:4:Infinity":1,"s:5:40:5:Infinity":2,"s:6:33:12:Infinity":3,"s:14:38:31:Infinity":4}}}
,"C:\\Users\\nhan\\projects\\auto\\auto-shared\\src\\validators\\autofill.validator.ts": {"path":"C:\\Users\\nhan\\projects\\auto\\auto-shared\\src\\validators\\autofill.validator.ts","statementMap":{"0":{"start":{"line":6,"column":27},"end":{"line":6,"column":null}},"1":{"start":{"line":9,"column":25},"end":{"line":9,"column":null}},"2":{"start":{"line":12,"column":36},"end":{"line":12,"column":null}},"3":{"start":{"line":14,"column":37},"end":{"line":31,"column":null}},"4":{"start":{"line":21,"column":25},"end":{"line":21,"column":null}},"5":{"start":{"line":22,"column":6},"end":{"line":24,"column":null}},"6":{"start":{"line":23,"column":8},"end":{"line":23,"column":null}},"7":{"start":{"line":25,"column":6},"end":{"line":25,"column":null}},"8":{"start":{"line":36,"column":42},"end":{"line":42,"column":null}},"9":{"start":{"line":44,"column":37},"end":{"line":50,"column":null}},"10":{"start":{"line":60,"column":39},"end":{"line":60,"column":null}},"11":{"start":{"line":61,"column":35},"end":{"line":61,"column":null}},"12":{"start":{"line":63,"column":2},"end":{"line":66,"column":null}},"13":{"start":{"line":64,"column":19},"end":{"line":64,"column":null}},"14":{"start":{"line":65,"column":4},"end":{"line":65,"column":null}},"15":{"start":{"line":68,"column":2},"end":{"line":71,"column":null}},"16":{"start":{"line":69,"column":19},"end":{"line":69,"column":null}},"17":{"start":{"line":70,"column":4},"end":{"line":70,"column":null}},"18":{"start":{"line":73,"column":2},"end":{"line":73,"column":null}}},"fnMap":{"0":{"name":"(anonymous_0)","decl":{"start":{"line":20,"column":4},"end":{"line":20,"column":5}},"loc":{"start":{"line":20,"column":14},"end":{"line":26,"column":null}},"line":20},"1":{"name":"parseAutoFillResponse","decl":{"start":{"line":56,"column":16},"end":{"line":56,"column":38}},"loc":{"start":{"line":59,"column":2},"end":{"line":74,"column":null}},"line":59}},"branchMap":{"0":{"loc":{"start":{"line":22,"column":6},"end":{"line":24,"column":null}},"type":"if","locations":[{"start":{"line":22,"column":6},"end":{"line":24,"column":null}},{"start":{},"end":{}}],"line":22},"1":{"loc":{"start":{"line":63,"column":2},"end":{"line":66,"column":null}},"type":"if","locations":[{"start":{"line":63,"column":2},"end":{"line":66,"column":null}},{"start":{},"end":{}}],"line":63},"2":{"loc":{"start":{"line":68,"column":2},"end":{"line":71,"column":null}},"type":"if","locations":[{"start":{"line":68,"column":2},"end":{"line":71,"column":null}},{"start":{},"end":{}}],"line":68}},"s":{"0":3,"1":3,"2":3,"3":3,"4":6,"5":6,"6":4,"7":2,"8":3,"9":3,"10":6,"11":6,"12":6,"13":5,"14":5,"15":4,"16":3,"17":3,"18":3},"f":{"0":6,"1":6},"b":{"0":[4,2],"1":[5,1],"2":[3,1]},"meta":{"lastBranch":3,"lastFunction":2,"lastStatement":19,"seen":{"s:6:27:6:Infinity":0,"s:9:25:9:Infinity":1,"s:12:36:12:Infinity":2,"s:14:37:31:Infinity":3,"f:20:4:20:5":0,"s:21:25:21:Infinity":4,"b:22:6:24:Infinity:undefined:undefined:undefined:undefined":0,"s:22:6:24:Infinity":5,"s:23:8:23:Infinity":6,"s:25:6:25:Infinity":7,"s:36:42:42:Infinity":8,"s:44:37:50:Infinity":9,"f:56:16:56:38":1,"s:60:39:60:Infinity":10,"s:61:35:61:Infinity":11,"b:63:2:66:Infinity:undefined:undefined:undefined:undefined":1,"s:63:2:66:Infinity":12,"s:64:19:64:Infinity":13,"s:65:4:65:Infinity":14,"b:68:2:71:Infinity:undefined:undefined:undefined:undefined":2,"s:68:2:71:Infinity":15,"s:69:19:69:Infinity":16,"s:70:4:70:Infinity":17,"s:73:2:73:Infinity":18}}}
,"C:\\Users\\nhan\\projects\\auto\\auto-shared\\src\\validators\\consent.validator.ts": {"path":"C:\\Users\\nhan\\projects\\auto\\auto-shared\\src\\validators\\consent.validator.ts","statementMap":{"0":{"start":{"line":9,"column":46},"end":{"line":9,"column":null}},"1":{"start":{"line":11,"column":2},"end":{"line":19,"column":null}},"2":{"start":{"line":12,"column":4},"end":{"line":18,"column":null}},"3":{"start":{"line":13,"column":6},"end":{"line":15,"column":null}},"4":{"start":{"line":17,"column":6},"end":{"line":17,"column":null}},"5":{"start":{"line":21,"column":2},"end":{"line":21,"column":null}},"6":{"start":{"line":27,"column":34},"end":{"line":32,"column":null}},"7":{"start":{"line":37,"column":39},"end":{"line":39,"column":null}}},"fnMap":{"0":{"name":"buildConsentSchema","decl":{"start":{"line":8,"column":16},"end":{"line":8,"column":35}},"loc":{"start":{"line":8,"column":71},"end":{"line":22,"column":null}},"line":8}},"branchMap":{"0":{"loc":{"start":{"line":12,"column":4},"end":{"line":18,"column":null}},"type":"if","locations":[{"start":{"line":12,"column":4},"end":{"line":18,"column":null}},{"start":{"line":16,"column":11},"end":{"line":18,"column":null}}],"line":12}},"s":{"0":5,"1":5,"2":8,"3":4,"4":4,"5":5,"6":3,"7":3},"f":{"0":5},"b":{"0":[4,4]},"meta":{"lastBranch":1,"lastFunction":1,"lastStatement":8,"seen":{"f:8:16:8:35":0,"s:9:46:9:Infinity":0,"s:11:2:19:Infinity":1,"b:12:4:18:Infinity:16:11:18:Infinity":0,"s:12:4:18:Infinity":2,"s:13:6:15:Infinity":3,"s:17:6:17:Infinity":4,"s:21:2:21:Infinity":5,"s:27:34:32:Infinity":6,"s:37:39:39:Infinity":7}}}
,"C:\\Users\\nhan\\projects\\auto\\auto-shared\\src\\validators\\index.ts": {"path":"C:\\Users\\nhan\\projects\\auto\\auto-shared\\src\\validators\\index.ts","statementMap":{},"fnMap":{},"branchMap":{},"s":{},"f":{},"b":{},"meta":{"lastBranch":0,"lastFunction":0,"lastStatement":0,"seen":{}}}
,"C:\\Users\\nhan\\projects\\auto\\auto-shared\\src\\validators\\legal.validator.ts": {"path":"C:\\Users\\nhan\\projects\\auto\\auto-shared\\src\\validators\\legal.validator.ts","statementMap":{"0":{"start":{"line":3,"column":38},"end":{"line":3,"column":null}},"1":{"start":{"line":6,"column":46},"end":{"line":16,"column":null}},"2":{"start":{"line":21,"column":46},"end":{"line":24,"column":null}}},"fnMap":{},"branchMap":{},"s":{"0":3,"1":3,"2":3},"f":{},"b":{},"meta":{"lastBranch":0,"lastFunction":0,"lastStatement":3,"seen":{"s:3:38:3:Infinity":0,"s:6:46:16:Infinity":1,"s:21:46:24:Infinity":2}}}
,"C:\\Users\\nhan\\projects\\auto\\auto-shared\\src\\validators\\listing.validator.ts": {"path":"C:\\Users\\nhan\\projects\\auto\\auto-shared\\src\\validators\\listing.validator.ts","statementMap":{"0":{"start":{"line":7,"column":34},"end":{"line":10,"column":null}},"1":{"start":{"line":12,"column":36},"end":{"line":16,"column":null}},"2":{"start":{"line":18,"column":40},"end":{"line":28,"column":null}},"3":{"start":{"line":30,"column":38},"end":{"line":32,"column":null}},"4":{"start":{"line":34,"column":41},"end":{"line":36,"column":null}},"5":{"start":{"line":38,"column":38},"end":{"line":40,"column":null}},"6":{"start":{"line":42,"column":33},"end":{"line":45,"column":null}},"7":{"start":{"line":47,"column":34},"end":{"line":50,"column":null}},"8":{"start":{"line":52,"column":33},"end":{"line":56,"column":null}},"9":{"start":{"line":58,"column":37},"end":{"line":61,"column":null}},"10":{"start":{"line":66,"column":40},"end":{"line":70,"column":null}},"11":{"start":{"line":82,"column":2},"end":{"line":148,"column":null}},"12":{"start":{"line":83,"column":4},"end":{"line":142,"column":null}},"13":{"start":{"line":85,"column":8},"end":{"line":85,"column":null}},"14":{"start":{"line":85,"column":33},"end":{"line":85,"column":null}},"15":{"start":{"line":86,"column":20},"end":{"line":86,"column":null}},"16":{"start":{"line":87,"column":8},"end":{"line":87,"column":null}},"17":{"start":{"line":87,"column":24},"end":{"line":87,"column":null}},"18":{"start":{"line":88,"column":8},"end":{"line":88,"column":null}},"19":{"start":{"line":89,"column":8},"end":{"line":89,"column":null}},"20":{"start":{"line":92,"column":8},"end":{"line":92,"column":null}},"21":{"start":{"line":92,"column":33},"end":{"line":92,"column":null}},"22":{"start":{"line":93,"column":20},"end":{"line":93,"column":null}},"23":{"start":{"line":94,"column":8},"end":{"line":94,"column":null}},"24":{"start":{"line":94,"column":24},"end":{"line":94,"column":null}},"25":{"start":{"line":95,"column":8},"end":{"line":95,"column":null}},"26":{"start":{"line":96,"column":8},"end":{"line":96,"column":null}},"27":{"start":{"line":99,"column":8},"end":{"line":99,"column":null}},"28":{"start":{"line":100,"column":8},"end":{"line":100,"column":null}},"29":{"start":{"line":102,"column":8},"end":{"line":102,"column":null}},"30":{"start":{"line":103,"column":8},"end":{"line":103,"column":null}},"31":{"start":{"line":105,"column":8},"end":{"line":105,"column":null}},"32":{"start":{"line":106,"column":8},"end":{"line":106,"column":null}},"33":{"start":{"line":108,"column":8},"end":{"line":108,"column":null}},"34":{"start":{"line":109,"column":8},"end":{"line":109,"column":null}},"35":{"start":{"line":111,"column":8},"end":{"line":111,"column":null}},"36":{"start":{"line":112,"column":8},"end":{"line":112,"column":null}},"37":{"start":{"line":114,"column":8},"end":{"line":114,"column":null}},"38":{"start":{"line":115,"column":8},"end":{"line":115,"column":null}},"39":{"start":{"line":117,"column":8},"end":{"line":117,"column":null}},"40":{"start":{"line":117,"column":33},"end":{"line":117,"column":null}},"41":{"start":{"line":118,"column":20},"end":{"line":118,"column":null}},"42":{"start":{"line":119,"column":8},"end":{"line":119,"column":null}},"43":{"start":{"line":119,"column":24},"end":{"line":119,"column":null}},"44":{"start":{"line":120,"column":8},"end":{"line":120,"column":null}},"45":{"start":{"line":121,"column":8},"end":{"line":121,"column":null}},"46":{"start":{"line":124,"column":8},"end":{"line":124,"column":null}},"47":{"start":{"line":125,"column":8},"end":{"line":125,"column":null}},"48":{"start":{"line":127,"column":8},"end":{"line":127,"column":null}},"49":{"start":{"line":127,"column":33},"end":{"line":127,"column":null}},"50":{"start":{"line":128,"column":8},"end":{"line":137,"column":null}},"51":{"start":{"line":129,"column":25},"end":{"line":129,"column":null}},"52":{"start":{"line":130,"column":10},"end":{"line":130,"column":null}},"53":{"start":{"line":130,"column":38},"end":{"line":130,"column":null}},"54":{"start":{"line":131,"column":10},"end":{"line":133,"column":null}},"55":{"start":{"line":131,"column":47},"end":{"line":131,"column":71}},"56":{"start":{"line":132,"column":12},"end":{"line":132,"column":null}},"57":{"start":{"line":134,"column":10},"end":{"line":134,"column":null}},"58":{"start":{"line":136,"column":10},"end":{"line":136,"column":null}},"59":{"start":{"line":141,"column":8},"end":{"line":141,"column":null}},"60":{"start":{"line":144,"column":4},"end":{"line":146,"column":null}},"61":{"start":{"line":145,"column":6},"end":{"line":145,"column":null}},"62":{"start":{"line":147,"column":4},"end":{"line":147,"column":null}}},"fnMap":{"0":{"name":"validateListingField","decl":{"start":{"line":81,"column":16},"end":{"line":81,"column":37}},"loc":{"start":{"line":81,"column":86},"end":{"line":149,"column":null}},"line":81},"1":{"name":"(anonymous_1)","decl":{"start":{"line":131,"column":28},"end":{"line":131,"column":29}},"loc":{"start":{"line":131,"column":47},"end":{"line":131,"column":71}},"line":131}},"branchMap":{"0":{"loc":{"start":{"line":83,"column":4},"end":{"line":142,"column":null}},"type":"switch","locations":[{"start":{"line":84,"column":6},"end":{"line":90,"column":null}},{"start":{"line":91,"column":6},"end":{"line":97,"column":null}},{"start":{"line":98,"column":6},"end":{"line":100,"column":null}},{"start":{"line":101,"column":6},"end":{"line":103,"column":null}},{"start":{"line":104,"column":6},"end":{"line":106,"column":null}},{"start":{"line":107,"column":6},"end":{"line":109,"column":null}},{"start":{"line":110,"column":6},"end":{"line":112,"column":null}},{"start":{"line":113,"column":6},"end":{"line":115,"column":null}},{"start":{"line":116,"column":6},"end":{"line":122,"column":null}},{"start":{"line":123,"column":6},"end":{"line":125,"column":null}},{"start":{"line":126,"column":6},"end":{"line":138,"column":null}},{"start":{"line":139,"column":6},"end":{"line":141,"column":null}}],"line":83},"1":{"loc":{"start":{"line":85,"column":8},"end":{"line":85,"column":null}},"type":"if","locations":[{"start":{"line":85,"column":8},"end":{"line":85,"column":null}},{"start":{},"end":{}}],"line":85},"2":{"loc":{"start":{"line":87,"column":8},"end":{"line":87,"column":null}},"type":"if","locations":[{"start":{"line":87,"column":8},"end":{"line":87,"column":null}},{"start":{},"end":{}}],"line":87},"3":{"loc":{"start":{"line":92,"column":8},"end":{"line":92,"column":null}},"type":"if","locations":[{"start":{"line":92,"column":8},"end":{"line":92,"column":null}},{"start":{},"end":{}}],"line":92},"4":{"loc":{"start":{"line":94,"column":8},"end":{"line":94,"column":null}},"type":"if","locations":[{"start":{"line":94,"column":8},"end":{"line":94,"column":null}},{"start":{},"end":{}}],"line":94},"5":{"loc":{"start":{"line":117,"column":8},"end":{"line":117,"column":null}},"type":"if","locations":[{"start":{"line":117,"column":8},"end":{"line":117,"column":null}},{"start":{},"end":{}}],"line":117},"6":{"loc":{"start":{"line":119,"column":8},"end":{"line":119,"column":null}},"type":"if","locations":[{"start":{"line":119,"column":8},"end":{"line":119,"column":null}},{"start":{},"end":{}}],"line":119},"7":{"loc":{"start":{"line":127,"column":8},"end":{"line":127,"column":null}},"type":"if","locations":[{"start":{"line":127,"column":8},"end":{"line":127,"column":null}},{"start":{},"end":{}}],"line":127},"8":{"loc":{"start":{"line":130,"column":10},"end":{"line":130,"column":null}},"type":"if","locations":[{"start":{"line":130,"column":10},"end":{"line":130,"column":null}},{"start":{},"end":{}}],"line":130},"9":{"loc":{"start":{"line":131,"column":10},"end":{"line":133,"column":null}},"type":"if","locations":[{"start":{"line":131,"column":10},"end":{"line":133,"column":null}},{"start":{},"end":{}}],"line":131},"10":{"loc":{"start":{"line":144,"column":4},"end":{"line":146,"column":null}},"type":"if","locations":[{"start":{"line":144,"column":4},"end":{"line":146,"column":null}},{"start":{},"end":{}}],"line":144},"11":{"loc":{"start":{"line":145,"column":13},"end":{"line":145,"column":null}},"type":"binary-expr","locations":[{"start":{"line":145,"column":13},"end":{"line":145,"column":39}},{"start":{"line":145,"column":39},"end":{"line":145,"column":null}}],"line":145}},"s":{"0":3,"1":3,"2":3,"3":3,"4":3,"5":3,"6":3,"7":3,"8":3,"9":3,"10":3,"11":16,"12":16,"13":3,"14":0,"15":3,"16":3,"17":1,"18":2,"19":2,"20":3,"21":0,"22":3,"23":3,"24":0,"25":3,"26":3,"27":2,"28":2,"29":3,"30":3,"31":2,"32":2,"33":2,"34":2,"35":0,"36":0,"37":0,"38":0,"39":0,"40":0,"41":0,"42":0,"43":0,"44":0,"45":0,"46":0,"47":0,"48":0,"49":0,"50":0,"51":0,"52":0,"53":0,"54":0,"55":0,"56":0,"57":0,"58":0,"59":1,"60":7,"61":7,"62":0},"f":{"0":16,"1":0},"b":{"0":[3,3,2,3,2,2,0,0,0,0,0,1],"1":[0,3],"2":[1,2],"3":[0,3],"4":[0,3],"5":[0,0],"6":[0,0],"7":[0,0],"8":[0,0],"9":[0,0],"10":[7,0],"11":[7,0]},"meta":{"lastBranch":12,"lastFunction":2,"lastStatement":63,"seen":{"s:7:34:10:Infinity":0,"s:12:36:16:Infinity":1,"s:18:40:28:Infinity":2,"s:30:38:32:Infinity":3,"s:34:41:36:Infinity":4,"s:38:38:40:Infinity":5,"s:42:33:45:Infinity":6,"s:47:34:50:Infinity":7,"s:52:33:56:Infinity":8,"s:58:37:61:Infinity":9,"s:66:40:70:Infinity":10,"f:81:16:81:37":0,"s:82:2:148:Infinity":11,"b:84:6:90:Infinity:91:6:97:Infinity:98:6:100:Infinity:101:6:103:Infinity:104:6:106:Infinity:107:6:109:Infinity:110:6:112:Infinity:113:6:115:Infinity:116:6:122:Infinity:123:6:125:Infinity:126:6:138:Infinity:139:6:141:Infinity":0,"s:83:4:142:Infinity":12,"b:85:8:85:Infinity:undefined:undefined:undefined:undefined":1,"s:85:8:85:Infinity":13,"s:85:33:85:Infinity":14,"s:86:20:86:Infinity":15,"b:87:8:87:Infinity:undefined:undefined:undefined:undefined":2,"s:87:8:87:Infinity":16,"s:87:24:87:Infinity":17,"s:88:8:88:Infinity":18,"s:89:8:89:Infinity":19,"b:92:8:92:Infinity:undefined:undefined:undefined:undefined":3,"s:92:8:92:Infinity":20,"s:92:33:92:Infinity":21,"s:93:20:93:Infinity":22,"b:94:8:94:Infinity:undefined:undefined:undefined:undefined":4,"s:94:8:94:Infinity":23,"s:94:24:94:Infinity":24,"s:95:8:95:Infinity":25,"s:96:8:96:Infinity":26,"s:99:8:99:Infinity":27,"s:100:8:100:Infinity":28,"s:102:8:102:Infinity":29,"s:103:8:103:Infinity":30,"s:105:8:105:Infinity":31,"s:106:8:106:Infinity":32,"s:108:8:108:Infinity":33,"s:109:8:109:Infinity":34,"s:111:8:111:Infinity":35,"s:112:8:112:Infinity":36,"s:114:8:114:Infinity":37,"s:115:8:115:Infinity":38,"b:117:8:117:Infinity:undefined:undefined:undefined:undefined":5,"s:117:8:117:Infinity":39,"s:117:33:117:Infinity":40,"s:118:20:118:Infinity":41,"b:119:8:119:Infinity:undefined:undefined:undefined:undefined":6,"s:119:8:119:Infinity":42,"s:119:24:119:Infinity":43,"s:120:8:120:Infinity":44,"s:121:8:121:Infinity":45,"s:124:8:124:Infinity":46,"s:125:8:125:Infinity":47,"b:127:8:127:Infinity:undefined:undefined:undefined:undefined":7,"s:127:8:127:Infinity":48,"s:127:33:127:Infinity":49,"s:128:8:137:Infinity":50,"s:129:25:129:Infinity":51,"b:130:10:130:Infinity:undefined:undefined:undefined:undefined":8,"s:130:10:130:Infinity":52,"s:130:38:130:Infinity":53,"b:131:10:133:Infinity:undefined:undefined:undefined:undefined":9,"s:131:10:133:Infinity":54,"f:131:28:131:29":1,"s:131:47:131:71":55,"s:132:12:132:Infinity":56,"s:134:10:134:Infinity":57,"s:136:10:136:Infinity":58,"s:141:8:141:Infinity":59,"b:144:4:146:Infinity:undefined:undefined:undefined:undefined":10,"s:144:4:146:Infinity":60,"s:145:6:145:Infinity":61,"b:145:13:145:39:145:39:145:Infinity":11,"s:147:4:147:Infinity":62}}}
,"C:\\Users\\nhan\\projects\\auto\\auto-shared\\src\\validators\\photo.validator.ts": {"path":"C:\\Users\\nhan\\projects\\auto\\auto-shared\\src\\validators\\photo.validator.ts","statementMap":{"0":{"start":{"line":5,"column":35},"end":{"line":7,"column":null}},"1":{"start":{"line":10,"column":40},"end":{"line":13,"column":null}}},"fnMap":{},"branchMap":{},"s":{"0":2,"1":2},"f":{},"b":{},"meta":{"lastBranch":0,"lastFunction":0,"lastStatement":2,"seen":{"s:5:35:7:Infinity":0,"s:10:40:13:Infinity":1}}}
,"C:\\Users\\nhan\\projects\\auto\\auto-shared\\src\\validators\\profile.validator.ts": {"path":"C:\\Users\\nhan\\projects\\auto\\auto-shared\\src\\validators\\profile.validator.ts","statementMap":{"0":{"start":{"line":3,"column":20},"end":{"line":3,"column":null}},"1":{"start":{"line":9,"column":2},"end":{"line":9,"column":null}},"2":{"start":{"line":9,"column":30},"end":{"line":9,"column":null}},"3":{"start":{"line":11,"column":12},"end":{"line":11,"column":null}},"4":{"start":{"line":12,"column":2},"end":{"line":19,"column":null}},"5":{"start":{"line":12,"column":15},"end":{"line":12,"column":18}},"6":{"start":{"line":13,"column":16},"end":{"line":13,"column":null}},"7":{"start":{"line":14,"column":4},"end":{"line":17,"column":null}},"8":{"start":{"line":15,"column":6},"end":{"line":15,"column":null}},"9":{"start":{"line":16,"column":6},"end":{"line":16,"column":null}},"10":{"start":{"line":16,"column":21},"end":{"line":16,"column":null}},"11":{"start":{"line":18,"column":4},"end":{"line":18,"column":null}},"12":{"start":{"line":20,"column":2},"end":{"line":20,"column":null}},"13":{"start":{"line":26,"column":27},"end":{"line":31,"column":null}},"14":{"start":{"line":29,"column":19},"end":{"line":29,"column":59}},"15":{"start":{"line":36,"column":40},"end":{"line":66,"column":null}},"16":{"start":{"line":62,"column":21},"end":{"line":62,"column":49}}},"fnMap":{"0":{"name":"validateSirenLuhn","decl":{"start":{"line":8,"column":16},"end":{"line":8,"column":34}},"loc":{"start":{"line":8,"column":58},"end":{"line":21,"column":null}},"line":8},"1":{"name":"(anonymous_1)","decl":{"start":{"line":29,"column":10},"end":{"line":29,"column":11}},"loc":{"start":{"line":29,"column":19},"end":{"line":29,"column":59}},"line":29},"2":{"name":"(anonymous_2)","decl":{"start":{"line":62,"column":12},"end":{"line":62,"column":13}},"loc":{"start":{"line":62,"column":21},"end":{"line":62,"column":49}},"line":62}},"branchMap":{"0":{"loc":{"start":{"line":9,"column":2},"end":{"line":9,"column":null}},"type":"if","locations":[{"start":{"line":9,"column":2},"end":{"line":9,"column":null}},{"start":{},"end":{}}],"line":9},"1":{"loc":{"start":{"line":14,"column":4},"end":{"line":17,"column":null}},"type":"if","locations":[{"start":{"line":14,"column":4},"end":{"line":17,"column":null}},{"start":{},"end":{}}],"line":14},"2":{"loc":{"start":{"line":16,"column":6},"end":{"line":16,"column":null}},"type":"if","locations":[{"start":{"line":16,"column":6},"end":{"line":16,"column":null}},{"start":{},"end":{}}],"line":16}},"s":{"0":3,"1":14,"2":7,"3":7,"4":7,"5":7,"6":63,"7":63,"8":28,"9":28,"10":7,"11":63,"12":7,"13":3,"14":7,"15":3,"16":4},"f":{"0":14,"1":7,"2":4},"b":{"0":[7,7],"1":[28,35],"2":[7,21]},"meta":{"lastBranch":3,"lastFunction":3,"lastStatement":17,"seen":{"s:3:20:3:Infinity":0,"f:8:16:8:34":0,"b:9:2:9:Infinity:undefined:undefined:undefined:undefined":0,"s:9:2:9:Infinity":1,"s:9:30:9:Infinity":2,"s:11:12:11:Infinity":3,"s:12:2:19:Infinity":4,"s:12:15:12:18":5,"s:13:16:13:Infinity":6,"b:14:4:17:Infinity:undefined:undefined:undefined:undefined":1,"s:14:4:17:Infinity":7,"s:15:6:15:Infinity":8,"b:16:6:16:Infinity:undefined:undefined:undefined:undefined":2,"s:16:6:16:Infinity":9,"s:16:21:16:Infinity":10,"s:18:4:18:Infinity":11,"s:20:2:20:Infinity":12,"s:26:27:31:Infinity":13,"f:29:10:29:11":1,"s:29:19:29:59":14,"s:36:40:66:Infinity":15,"f:62:12:62:13":2,"s:62:21:62:49":16}}}
,"C:\\Users\\nhan\\projects\\auto\\auto-shared\\src\\validators\\registration.ts": {"path":"C:\\Users\\nhan\\projects\\auto\\auto-shared\\src\\validators\\registration.ts","statementMap":{"0":{"start":{"line":3,"column":34},"end":{"line":15,"column":null}},"1":{"start":{"line":20,"column":35},"end":{"line":24,"column":null}}},"fnMap":{},"branchMap":{},"s":{"0":2,"1":2},"f":{},"b":{},"meta":{"lastBranch":0,"lastFunction":0,"lastStatement":2,"seen":{"s:3:34:15:Infinity":0,"s:20:35:24:Infinity":1}}}
,"C:\\Users\\nhan\\projects\\auto\\auto-shared\\src\\validators\\registration.validator.ts": {"path":"C:\\Users\\nhan\\projects\\auto\\auto-shared\\src\\validators\\registration.validator.ts","statementMap":{"0":{"start":{"line":9,"column":46},"end":{"line":9,"column":null}},"1":{"start":{"line":11,"column":2},"end":{"line":36,"column":null}},"2":{"start":{"line":14,"column":4},"end":{"line":20,"column":null}},"3":{"start":{"line":15,"column":6},"end":{"line":15,"column":null}},"4":{"start":{"line":16,"column":4},"end":{"line":20,"column":null}},"5":{"start":{"line":17,"column":6},"end":{"line":17,"column":null}},"6":{"start":{"line":19,"column":6},"end":{"line":19,"column":null}},"7":{"start":{"line":22,"column":4},"end":{"line":27,"column":null}},"8":{"start":{"line":23,"column":6},"end":{"line":26,"column":null}},"9":{"start":{"line":29,"column":4},"end":{"line":33,"column":null}},"10":{"start":{"line":30,"column":6},"end":{"line":30,"column":null}},"11":{"start":{"line":32,"column":6},"end":{"line":32,"column":null}},"12":{"start":{"line":35,"column":4},"end":{"line":35,"column":null}},"13":{"start":{"line":39,"column":2},"end":{"line":39,"column":null}},"14":{"start":{"line":41,"column":2},"end":{"line":41,"column":null}}},"fnMap":{"0":{"name":"buildRegistrationSchema","decl":{"start":{"line":8,"column":16},"end":{"line":8,"column":40}},"loc":{"start":{"line":8,"column":76},"end":{"line":42,"column":null}},"line":8}},"branchMap":{"0":{"loc":{"start":{"line":14,"column":4},"end":{"line":20,"column":null}},"type":"if","locations":[{"start":{"line":14,"column":4},"end":{"line":20,"column":null}},{"start":{"line":16,"column":4},"end":{"line":20,"column":null}}],"line":14},"1":{"loc":{"start":{"line":16,"column":4},"end":{"line":20,"column":null}},"type":"if","locations":[{"start":{"line":16,"column":4},"end":{"line":20,"column":null}},{"start":{"line":18,"column":11},"end":{"line":20,"column":null}}],"line":16},"2":{"loc":{"start":{"line":22,"column":4},"end":{"line":27,"column":null}},"type":"if","locations":[{"start":{"line":22,"column":4},"end":{"line":27,"column":null}},{"start":{},"end":{}}],"line":22},"3":{"loc":{"start":{"line":29,"column":4},"end":{"line":33,"column":null}},"type":"if","locations":[{"start":{"line":29,"column":4},"end":{"line":33,"column":null}},{"start":{"line":31,"column":11},"end":{"line":33,"column":null}}],"line":29}},"s":{"0":10,"1":10,"2":29,"3":7,"4":22,"5":7,"6":15,"7":29,"8":1,"9":29,"10":22,"11":7,"12":29,"13":10,"14":10},"f":{"0":10},"b":{"0":[7,22],"1":[7,15],"2":[1,28],"3":[22,7]},"meta":{"lastBranch":4,"lastFunction":1,"lastStatement":15,"seen":{"f:8:16:8:40":0,"s:9:46:9:Infinity":0,"s:11:2:36:Infinity":1,"b:14:4:20:Infinity:16:4:20:Infinity":0,"s:14:4:20:Infinity":2,"s:15:6:15:Infinity":3,"b:16:4:20:Infinity:18:11:20:Infinity":1,"s:16:4:20:Infinity":4,"s:17:6:17:Infinity":5,"s:19:6:19:Infinity":6,"b:22:4:27:Infinity:undefined:undefined:undefined:undefined":2,"s:22:4:27:Infinity":7,"s:23:6:26:Infinity":8,"b:29:4:33:Infinity:31:11:33:Infinity":3,"s:29:4:33:Infinity":9,"s:30:6:30:Infinity":10,"s:32:6:32:Infinity":11,"s:35:4:35:Infinity":12,"s:39:2:39:Infinity":13,"s:41:2:41:Infinity":14}}}
,"C:\\Users\\nhan\\projects\\auto\\auto-shared\\src\\validators\\seo.validator.ts": {"path":"C:\\Users\\nhan\\projects\\auto\\auto-shared\\src\\validators\\seo.validator.ts","statementMap":{"0":{"start":{"line":5,"column":33},"end":{"line":12,"column":null}},"1":{"start":{"line":18,"column":18},"end":{"line":18,"column":null}},"2":{"start":{"line":19,"column":2},"end":{"line":19,"column":null}},"3":{"start":{"line":19,"column":16},"end":{"line":19,"column":null}},"4":{"start":{"line":20,"column":2},"end":{"line":20,"column":null}},"5":{"start":{"line":20,"column":28},"end":{"line":20,"column":42}},"6":{"start":{"line":30,"column":19},"end":{"line":30,"column":null}},"7":{"start":{"line":31,"column":30},"end":{"line":31,"column":null}},"8":{"start":{"line":32,"column":2},"end":{"line":32,"column":null}},"9":{"start":{"line":32,"column":28},"end":{"line":32,"column":null}},"10":{"start":{"line":34,"column":25},"end":{"line":40,"column":null}},"11":{"start":{"line":42,"column":2},"end":{"line":54,"column":null}},"12":{"start":{"line":43,"column":18},"end":{"line":43,"column":null}},"13":{"start":{"line":44,"column":4},"end":{"line":44,"column":null}},"14":{"start":{"line":44,"column":45},"end":{"line":44,"column":null}},"15":{"start":{"line":45,"column":17},"end":{"line":45,"column":null}},"16":{"start":{"line":46,"column":20},"end":{"line":46,"column":null}},"17":{"start":{"line":46,"column":39},"end":{"line":46,"column":71}},"18":{"start":{"line":47,"column":4},"end":{"line":53,"column":null}},"19":{"start":{"line":48,"column":6},"end":{"line":52,"column":null}},"20":{"start":{"line":51,"column":134},"end":{"line":51,"column":144}},"21":{"start":{"line":57,"column":44},"end":{"line":101,"column":null}},"22":{"start":{"line":87,"column":15},"end":{"line":87,"column":null}}},"fnMap":{"0":{"name":"extractPlaceholders","decl":{"start":{"line":17,"column":9},"end":{"line":17,"column":29}},"loc":{"start":{"line":17,"column":57},"end":{"line":21,"column":null}},"line":17},"1":{"name":"(anonymous_1)","decl":{"start":{"line":20,"column":21},"end":{"line":20,"column":22}},"loc":{"start":{"line":20,"column":28},"end":{"line":20,"column":42}},"line":20},"2":{"name":"validateTemplatePlaceholders","decl":{"start":{"line":26,"column":9},"end":{"line":26,"column":null}},"loc":{"start":{"line":29,"column":8},"end":{"line":55,"column":null}},"line":29},"3":{"name":"(anonymous_3)","decl":{"start":{"line":46,"column":32},"end":{"line":46,"column":33}},"loc":{"start":{"line":46,"column":39},"end":{"line":46,"column":71}},"line":46},"4":{"name":"(anonymous_4)","decl":{"start":{"line":51,"column":127},"end":{"line":51,"column":128}},"loc":{"start":{"line":51,"column":134},"end":{"line":51,"column":144}},"line":51},"5":{"name":"(anonymous_5)","decl":{"start":{"line":87,"column":8},"end":{"line":87,"column":9}},"loc":{"start":{"line":87,"column":15},"end":{"line":87,"column":null}},"line":87}},"branchMap":{"0":{"loc":{"start":{"line":19,"column":2},"end":{"line":19,"column":null}},"type":"if","locations":[{"start":{"line":19,"column":2},"end":{"line":19,"column":null}},{"start":{},"end":{}}],"line":19},"1":{"loc":{"start":{"line":32,"column":2},"end":{"line":32,"column":null}},"type":"if","locations":[{"start":{"line":32,"column":2},"end":{"line":32,"column":null}},{"start":{},"end":{}}],"line":32},"2":{"loc":{"start":{"line":44,"column":4},"end":{"line":44,"column":null}},"type":"if","locations":[{"start":{"line":44,"column":4},"end":{"line":44,"column":null}},{"start":{},"end":{}}],"line":44},"3":{"loc":{"start":{"line":44,"column":8},"end":{"line":44,"column":45}},"type":"binary-expr","locations":[{"start":{"line":44,"column":8},"end":{"line":44,"column":37}},{"start":{"line":44,"column":37},"end":{"line":44,"column":45}}],"line":44},"4":{"loc":{"start":{"line":47,"column":4},"end":{"line":53,"column":null}},"type":"if","locations":[{"start":{"line":47,"column":4},"end":{"line":53,"column":null}},{"start":{},"end":{}}],"line":47},"5":{"loc":{"start":{"line":87,"column":15},"end":{"line":87,"column":null}},"type":"binary-expr","locations":[{"start":{"line":87,"column":15},"end":{"line":87,"column":27}},{"start":{"line":87,"column":27},"end":{"line":87,"column":null}}],"line":87}},"s":{"0":4,"1":42,"2":42,"3":8,"4":34,"5":79,"6":19,"7":19,"8":19,"9":0,"10":19,"11":19,"12":95,"13":95,"14":53,"15":42,"16":42,"17":79,"18":42,"19":1,"20":2,"21":4,"22":6},"f":{"0":42,"1":79,"2":19,"3":79,"4":2,"5":6},"b":{"0":[8,34],"1":[0,19],"2":[53,42],"3":[95,95],"4":[1,41],"5":[6,5]},"meta":{"lastBranch":6,"lastFunction":6,"lastStatement":23,"seen":{"s:5:33:12:Infinity":0,"f:17:9:17:29":0,"s:18:18:18:Infinity":1,"b:19:2:19:Infinity:undefined:undefined:undefined:undefined":0,"s:19:2:19:Infinity":2,"s:19:16:19:Infinity":3,"s:20:2:20:Infinity":4,"f:20:21:20:22":1,"s:20:28:20:42":5,"f:26:9:26:Infinity":2,"s:30:19:30:Infinity":6,"s:31:30:31:Infinity":7,"b:32:2:32:Infinity:undefined:undefined:undefined:undefined":1,"s:32:2:32:Infinity":8,"s:32:28:32:Infinity":9,"s:34:25:40:Infinity":10,"s:42:2:54:Infinity":11,"s:43:18:43:Infinity":12,"b:44:4:44:Infinity:undefined:undefined:undefined:undefined":2,"s:44:4:44:Infinity":13,"b:44:8:44:37:44:37:44:45":3,"s:44:45:44:Infinity":14,"s:45:17:45:Infinity":15,"s:46:20:46:Infinity":16,"f:46:32:46:33":3,"s:46:39:46:71":17,"b:47:4:53:Infinity:undefined:undefined:undefined:undefined":4,"s:47:4:53:Infinity":18,"s:48:6:52:Infinity":19,"f:51:127:51:128":4,"s:51:134:51:144":20,"s:57:44:101:Infinity":21,"f:87:8:87:9":5,"s:87:15:87:Infinity":22,"b:87:15:87:27:87:27:87:Infinity":5}}}
}
